2026-01-13 17:30:26 Skriptet Bash_Automation.sh kördes av användare: conny_grossiandersen på host: Grossi-Andersen
2026-01-13 17:30:26  Bearbetar filer och konverterar till JSON /var/log/syslog → ./json_logs/syslog.json
2026-01-13 17:30:26  Bearbetar filer och konverterar till JSON /var/log/auth.log → ./json_logs/auth.log.json
2026-01-13 17:30:26  Bearbetar filer och konverterar till JSON /var/log/kern.log → ./json_logs/kern.log.json
2026-01-13 17:30:26 Konvertering klart! Programmet avslutas...
[ 2026-01-13 19:57:43 ] Skriptet Powershell_Automation.ps1 kördes av användare: Conny på host: GROSSI-ANDERSEN
[ 2026-01-13 19:57:44 ] Hämtar en logg MED Wevtutil från 'Security' och exporterar till Evtx-format
[ 2026-01-13 19:57:44 ] PowerShell-skriptet kördes klart, exporten lyckades!
[ 2026-01-13 20:47:22 ] Skriptet Powershell_Automation.ps1 kördes av användare: Conny på host: GROSSI-ANDERSEN
[ 2026-01-13 20:47:22 ] Hämtar en logg MED Wevtutil från 'Security' och exporterar till Evtx-format
[ 2026-01-13 20:47:22 ] PowerShell-skriptet kördes klart, exporten lyckades!
[ 2026-01-13 22:01:47 ] Skriptet Powershell_Automation.ps1 kördes av användare: Conny på host: GROSSI-ANDERSEN
[ 2026-01-13 22:01:47 ] Hämtar en logg MED Wevtutil från 'Security' och exporterar till Evtx-format
[ 2026-01-13 22:01:47 ] PowerShell-skriptet kördes klart, exporten lyckades!
[ 2026-01-14 09:33:36 ] Skriptet Powershell_Automation.ps1 kördes av användare: Conny på host: GROSSI-ANDERSEN
[ 2026-01-14 09:33:36 ] Hämtar en logg MED Wevtutil från 'Security' och exporterar till Evtx-format
[ 2026-01-14 09:33:36 ] PowerShell-skriptet kördes klart, exporten lyckades!
[ 2026-01-14 09:34:00 ] Skriptet Powershell_Automation.ps1 kördes av användare: Conny på host: GROSSI-ANDERSEN
[ 2026-01-14 09:34:00 ] Hämtar en logg MED Wevtutil från 'Security' och exporterar till Evtx-format
[ 2026-01-14 09:34:00 ] PowerShell-skriptet kördes klart, exporten lyckades!
2026-01-14 09:35:19 Skriptet Bash_Automation.sh kördes av användare: conny_grossiandersen på host: Grossi-Andersen
2026-01-14 09:35:19  Bearbetar filer och konverterar till JSON /var/log/syslog → ./json_logs/syslog.json
2026-01-14 09:35:19  Bearbetar filer och konverterar till JSON /var/log/auth.log → ./json_logs/auth.log.json
2026-01-14 09:35:19  Bearbetar filer och konverterar till JSON /var/log/kern.log → ./json_logs/kern.log.json
2026-01-14 09:35:19 Konvertering klart! Programmet avslutas...
2026-01-14 09:39:21 Skriptet Powershell_Automation.ps1 kördes av användare: Conny på host: GROSSI-ANDERSEN
2026-01-14 09:39:21 Hämtar en logg MED Wevtutil från 'Security' och exporterar till Evtx-format
2026-01-14 09:39:21 PowerShell-skriptet kördes klart, exporten lyckades!
2026-01-14 09:59:09 Skriptet Bash_Automation.sh kördes av användare: conny_grossiandersen på host: Grossi-Andersen
2026-01-14 09:59:09  Bearbetar filer och konverterar till JSON /var/log/syslog → ./json_logs/syslog.json
2026-01-14 09:59:09  Bearbetar filer och konverterar till JSON /var/log/auth.log → ./json_logs/auth.log.json
2026-01-14 09:59:09  Bearbetar filer och konverterar till JSON /var/log/kern.log → ./json_logs/kern.log.json
2026-01-14 09:59:09 Konvertering klart! Programmet avslutas...
2026-01-14 10:50:19 Skriptet Powershell_Automation.ps1 kördes av användare: Conny på host: GROSSI-ANDERSEN
2026-01-14 10:50:19 Hämtar en logg MED Wevtutil från 'Security' och exporterar till Evtx-format
2026-01-14 10:50:19 PowerShell-skriptet kördes klart, exporten lyckades!
