2026-01-13 14:00:08  Skriptet  Bash_Automation.sh kördes av användare: conny_grossiandersen på host: Grossi-Andersen
2026-01-13 14:04:16 Skriptet Bash_Automation.sh kördes av användare: conny_grossiandersen på host: Grossi-Andersen | Bearbetar filer och konverterar till JSON  → 
2026-01-13 14:07:41 Skriptet Bash_Automation.sh kördes av användare: conny_grossiandersen på host: Grossi-Andersen
2026-01-13 14:07:41 Bearbetar filer och konverterar till JSON  → 
2026-01-13 14:12:50 Skriptet Bash_Automation.sh kördes av användare: conny_grossiandersen på host: Grossi-Andersen
2026-01-13 14:12:50  Bearbetar filer och konverterar till JSON /var/log/syslog → ./json_logs/syslog.json
2026-01-13 14:12:50  Bearbetar filer och konverterar till JSON /var/log/auth.log → ./json_logs/auth.log.json
2026-01-13 14:12:50  Bearbetar filer och konverterar till JSON /var/log/kern.log → ./json_logs/kern.log.json
2026-01-13 14:15:39 Skriptet Bash_Automation.sh kördes av användare: conny_grossiandersen på host: Grossi-Andersen
2026-01-13 14:15:39  Bearbetar filer och konverterar till JSON /var/log/syslog → /mnt/c/Users/Conny/OneDrive/Skrivbord/ISU25 Halmstad EC Education/ShellScripting & Automation i Python/RapportScript/json_logs/syslog.json
2026-01-13 14:15:39  Bearbetar filer och konverterar till JSON /var/log/auth.log → /mnt/c/Users/Conny/OneDrive/Skrivbord/ISU25 Halmstad EC Education/ShellScripting & Automation i Python/RapportScript/json_logs/auth.log.json
2026-01-13 14:15:39  Bearbetar filer och konverterar till JSON /var/log/kern.log → /mnt/c/Users/Conny/OneDrive/Skrivbord/ISU25 Halmstad EC Education/ShellScripting & Automation i Python/RapportScript/json_logs/kern.log.json
2026-01-13 14:17:18 Skriptet Bash_Automation.sh kördes av användare: conny_grossiandersen på host: Grossi-Andersen
2026-01-13 14:17:18  Bearbetar filer och konverterar till JSON /var/log/syslog → ./json_logs/syslog.json
2026-01-13 14:17:18  Bearbetar filer och konverterar till JSON /var/log/auth.log → ./json_logs/auth.log.json
2026-01-13 14:17:18  Bearbetar filer och konverterar till JSON /var/log/kern.log → ./json_logs/kern.log.json
2026-01-13 14:22:11 Skriptet Bash_Automation.sh kördes av användare: conny_grossiandersen på host: Grossi-Andersen
2026-01-13 14:22:11 Bearbetar filer och konverterar till JSON /var/log/syslog → /mnt/c/Users/Conny/OneDrive/Skrivbord/ISU25 Halmstad EC Education/ShellScripting & Automation i Python/RapportScript/json_logs/syslog.json
2026-01-13 14:22:11 Bearbetar filer och konverterar till JSON /var/log/auth.log → /mnt/c/Users/Conny/OneDrive/Skrivbord/ISU25 Halmstad EC Education/ShellScripting & Automation i Python/RapportScript/json_logs/auth.log.json
2026-01-13 14:22:11 Bearbetar filer och konverterar till JSON /var/log/kern.log → /mnt/c/Users/Conny/OneDrive/Skrivbord/ISU25 Halmstad EC Education/ShellScripting & Automation i Python/RapportScript/json_logs/kern.log.json
2026-01-13 14:23:02 Skriptet Bash_Automation.sh kördes av användare: conny_grossiandersen på host: Grossi-Andersen
2026-01-13 14:23:02  Bearbetar filer och konverterar till JSON /var/log/syslog → ./json_logs/syslog.json
2026-01-13 14:23:02  Bearbetar filer och konverterar till JSON /var/log/auth.log → ./json_logs/auth.log.json
2026-01-13 14:23:02  Bearbetar filer och konverterar till JSON /var/log/kern.log → ./json_logs/kern.log.json
2026-01-13 14:25:44 Skriptet Bash_Automation.sh kördes av användare: conny_grossiandersen på host: Grossi-Andersen
2026-01-13 14:25:44  Bearbetar filer och konverterar till JSON /var/log/syslog → ./json_logs/syslog.json
2026-01-13 14:25:44  Bearbetar filer och konverterar till JSON /var/log/auth.log → ./json_logs/auth.log.json
2026-01-13 14:25:44  Bearbetar filer och konverterar till JSON /var/log/kern.log → ./json_logs/kern.log.json
2026-01-13 14:26:41 Skriptet Bash_Automation.sh kördes av användare: conny_grossiandersen på host: Grossi-Andersen
2026-01-13 14:26:41  Bearbetar filer och konverterar till JSON /var/log/syslog → ./json_logs/syslog.json
2026-01-13 14:26:41  Bearbetar filer och konverterar till JSON /var/log/auth.log → ./json_logs/auth.log.json
2026-01-13 14:26:41  Bearbetar filer och konverterar till JSON /var/log/kern.log → ./json_logs/kern.log.json
2026-01-13 14:29:00 Skriptet Bash_Automation.sh kördes av användare: conny_grossiandersen på host: Grossi-Andersen
2026-01-13 14:29:00  Bearbetar filer och konverterar till JSON /var/log/syslog → ./json_logs/syslog.json
2026-01-13 14:29:00 Konvertering klart! Programmet avslutas...
2026-01-13 14:29:00  Bearbetar filer och konverterar till JSON /var/log/auth.log → ./json_logs/auth.log.json
2026-01-13 14:29:00 Konvertering klart! Programmet avslutas...
2026-01-13 14:29:01  Bearbetar filer och konverterar till JSON /var/log/kern.log → ./json_logs/kern.log.json
2026-01-13 14:29:01 Konvertering klart! Programmet avslutas...
2026-01-13 14:30:14 Skriptet Bash_Automation.sh kördes av användare: conny_grossiandersen på host: Grossi-Andersen
2026-01-13 14:30:14  Bearbetar filer och konverterar till JSON /var/log/syslog → ./json_logs/syslog.json
2026-01-13 14:30:14  Bearbetar filer och konverterar till JSON /var/log/auth.log → ./json_logs/auth.log.json
2026-01-13 14:30:14  Bearbetar filer och konverterar till JSON /var/log/kern.log → ./json_logs/kern.log.json
2026-01-13 14:30:14 Konvertering klart! Programmet avslutas...
2026-01-13 16:17:58 Skriptet Bash_Automation.sh kördes av användare: conny_grossiandersen på host: Grossi-Andersen
2026-01-13 16:17:58  Bearbetar filer och konverterar till JSON /var/log/syslog → ./json_logs/syslog.json
2026-01-13 16:17:58  Bearbetar filer och konverterar till JSON /var/log/auth.log → ./json_logs/auth.log.json
2026-01-13 16:17:58  Bearbetar filer och konverterar till JSON /var/log/kern.log → ./json_logs/kern.log.json
2026-01-13 16:17:58 Konvertering klart! Programmet avslutas...
